==6435== Memcheck, a memory error detector
==6435== Copyright (C) 2002-2017, and GNU GPL'd, by Julian Seward et al.
==6435== Using Valgrind-3.16.1 and LibVEX; rerun with -h for copyright info
==6435== Command: ./s21_grep for test_1_grep.txt
==6435== Parent PID: 6424
==6435== 
==6435== 
==6435== Process terminating with default action of signal 2 (SIGINT)
==6435==    at 0x49504E5: open (open64.c:48)
==6435==    by 0x48E20D1: _IO_file_open (fileops.c:189)
==6435==    by 0x48E22A9: _IO_file_fopen@@GLIBC_2.2.5 (fileops.c:281)
==6435==    by 0x48D5C08: __fopen_internal (iofopen.c:75)
==6435==    by 0x109B93: grep (in /home/bulat/Base_C/Functions/Unix/grep/s21_grep)
==6435==    by 0x1093B1: main (in /home/bulat/Base_C/Functions/Unix/grep/s21_grep)
==6435== 
==6435== FILE DESCRIPTORS: 4 open at exit.
==6435== Open file descriptor 3: /home/bulat/Base_C/Functions/Unix/grep/valgrind_s21_grep.log
==6435==    <inherited from parent>
==6435== 
==6435== Open file descriptor 2: /dev/pts/1
==6435==    <inherited from parent>
==6435== 
==6435== Open file descriptor 1: /home/bulat/Base_C/Functions/Unix/grep/test_s21_grep.log
==6435==    <inherited from parent>
==6435== 
==6435== Open file descriptor 0: /dev/pts/1
==6435==    <inherited from parent>
==6435== 
==6435== 
==6435== HEAP SUMMARY:
==6435==     in use at exit: 524 bytes in 4 blocks
==6435==   total heap usage: 4 allocs, 0 frees, 524 bytes allocated
==6435== 
==6435== 20 bytes in 2 blocks are still reachable in loss record 1 of 3
==6435==    at 0x483877F: malloc (vg_replace_malloc.c:307)
==6435==    by 0x10973A: read_set (in /home/bulat/Base_C/Functions/Unix/grep/s21_grep)
==6435==    by 0x1092E4: main (in /home/bulat/Base_C/Functions/Unix/grep/s21_grep)
==6435== 
==6435== 32 bytes in 1 blocks are still reachable in loss record 2 of 3
==6435==    at 0x483877F: malloc (vg_replace_malloc.c:307)
==6435==    by 0x10933C: main (in /home/bulat/Base_C/Functions/Unix/grep/s21_grep)
==6435== 
==6435== 472 bytes in 1 blocks are still reachable in loss record 3 of 3
==6435==    at 0x483877F: malloc (vg_replace_malloc.c:307)
==6435==    by 0x48D5BAA: __fopen_internal (iofopen.c:65)
==6435==    by 0x109B93: grep (in /home/bulat/Base_C/Functions/Unix/grep/s21_grep)
==6435==    by 0x1093B1: main (in /home/bulat/Base_C/Functions/Unix/grep/s21_grep)
==6435== 
==6435== LEAK SUMMARY:
==6435==    definitely lost: 0 bytes in 0 blocks
==6435==    indirectly lost: 0 bytes in 0 blocks
==6435==      possibly lost: 0 bytes in 0 blocks
==6435==    still reachable: 524 bytes in 4 blocks
==6435==         suppressed: 0 bytes in 0 blocks
==6435== 
==6435== For lists of detected and suppressed errors, rerun with: -s
==6435== ERROR SUMMARY: 0 errors from 0 contexts (suppressed: 0 from 0)
